{
  "stats": {
    "suites": 0,
    "tests": 2,
    "passes": 2,
    "pending": 0,
    "failures": 0,
    "start": "2023-02-25T09:50:51.973Z",
    "end": "2023-02-25T09:51:09.297Z",
    "duration": 17324,
    "testsRegistered": 2,
    "passPercent": 100,
    "pendingPercent": 0,
    "other": 0,
    "hasOther": false,
    "skipped": 0,
    "hasSkipped": false
  },
  "results": [
    {
      "uuid": "744034ee-cfb6-4db3-9d0b-84a986cf6c34",
      "title": "",
      "fullFile": "cypress/integration/checkout.ts",
      "file": "cypress/integration/checkout.ts",
      "beforeHooks": [],
      "afterHooks": [],
      "tests": [
        {
          "title": "checkout Sauce Labs Backpack",
          "fullTitle": "checkout Sauce Labs Backpack",
          "timedOut": null,
          "duration": 8349,
          "state": "passed",
          "speed": "medium",
          "pass": true,
          "fail": false,
          "pending": false,
          "context": null,
          "code": "dashboardPage.addToCart_SauceLabsBackpack();\ndashboardPage.clickCartShopping();\ncartPage.checkoutProduct();\ncheckoutStepOnePage.checkoutValid('Diah', 'Hikmah', '122345');\ncheckoutStepTwoPage.confirmCheckout();\ncheckoutCompletePage.complete();",
          "err": {},
          "uuid": "e1b38cf3-6d92-418e-873f-b30b58ca29c1",
          "parentUUID": "744034ee-cfb6-4db3-9d0b-84a986cf6c34",
          "isHook": false,
          "skipped": false
        },
        {
          "title": "checkout invalid",
          "fullTitle": "checkout invalid",
          "timedOut": null,
          "duration": 7155,
          "state": "passed",
          "speed": "medium",
          "pass": true,
          "fail": false,
          "pending": false,
          "context": null,
          "code": "dashboardPage.addToCart_SauceLabsBackpack();\ndashboardPage.clickCartShopping();\ncartPage.checkoutProduct();\ncheckoutStepOnePage.checkoutInValid('Diah', 'Hikmah');",
          "err": {},
          "uuid": "1e87b2b5-1fad-4e1a-a166-e5080f2bb5da",
          "parentUUID": "744034ee-cfb6-4db3-9d0b-84a986cf6c34",
          "isHook": false,
          "skipped": false
        }
      ],
      "suites": [],
      "passes": [
        "e1b38cf3-6d92-418e-873f-b30b58ca29c1",
        "1e87b2b5-1fad-4e1a-a166-e5080f2bb5da"
      ],
      "failures": [],
      "pending": [],
      "skipped": [],
      "duration": 15504,
      "root": true,
      "rootEmpty": false,
      "_timeout": 2000
    }
  ],
  "meta": {
    "mocha": {
      "version": "7.0.1"
    },
    "mochawesome": {
      "options": {
        "quiet": false,
        "reportFilename": "mochawesome",
        "saveHtml": false,
        "saveJson": true,
        "consoleReporter": "spec",
        "useInlineDiffs": false,
        "code": true
      },
      "version": "7.1.3"
    },
    "marge": {
      "options": {
        "chart": true,
        "overwrite": false,
        "html": false,
        "json": true,
        "reportDir": "cypress/reports"
      },
      "version": "6.2.0"
    }
  }
}